# JRE version: OpenJDK Runtime Environment (8.0_242) (build 1.8.0_242-release-1644-b3-6222593)
# Java VM: OpenJDK 64-Bit Server VM (25.242-b3-6222593 mixed mode linux-amd64 compressed oops)
Heap:
 PSYoungGen      total 387072K, used 267459K [0x00000000d5580000, 0x00000000efa80000, 0x0000000100000000)
  eden space 355328K, 66% used [0x00000000d5580000,0x00000000e3bb77e0,0x00000000eb080000)
  from space 31744K, 99% used [0x00000000ed500000,0x00000000ef3f9560,0x00000000ef400000)
  to   space 37376K, 0% used [0x00000000eb080000,0x00000000eb080000,0x00000000ed500000)
 ParOldGen       total 130560K, used 32562K [0x0000000080000000, 0x0000000087f80000, 0x00000000d5580000)
  object space 130560K, 24% used [0x0000000080000000,0x0000000081fcca38,0x0000000087f80000)
 Metaspace       used 87792K, capacity 92048K, committed 92312K, reserved 1128448K
  class space    used 11601K, capacity 12429K, committed 12464K, reserved 1048576K
GC Heap History (10 events):
Event: 362.113 GC heap before
{Heap before GC invocations=17 (full 2):
 PSYoungGen      total 300032K, used 95740K [0x00000000d5580000, 0x00000000ea000000, 0x0000000100000000)
  eden space 287744K, 29% used [0x00000000d5580000,0x00000000da752660,0x00000000e6e80000)
  from space 12288K, 97% used [0x00000000e9400000,0x00000000e9facb08,0x00000000ea000000)
  to   space 21504K, 0% used [0x00000000e7600000,0x00000000e7600000,0x00000000e8b00000)
 ParOldGen       total 97280K, used 21945K [0x0000000080000000, 0x0000000085f00000, 0x00000000d5580000)
  object space 97280K, 22% used [0x0000000080000000,0x000000008156e550,0x0000000085f00000)
 Metaspace       used 56790K, capacity 59014K, committed 59160K, reserved 1101824K
  class space    used 7237K, capacity 7682K, committed 7728K, reserved 1048576K
Event: 362.131 GC heap after
Heap after GC invocations=17 (full 2):
 PSYoungGen      total 316928K, used 19867K [0x00000000d5580000, 0x00000000eca00000, 0x0000000100000000)
  eden space 295424K, 0% used [0x00000000d5580000,0x00000000d5580000,0x00000000e7600000)
  from space 21504K, 92% used [0x00000000e7600000,0x00000000e8966f40,0x00000000e8b00000)
  to   space 24064K, 0% used [0x00000000eb280000,0x00000000eb280000,0x00000000eca00000)
 ParOldGen       total 97280K, used 21953K [0x0000000080000000, 0x0000000085f00000, 0x00000000d5580000)
  object space 97280K, 22% used [0x0000000080000000,0x0000000081570550,0x0000000085f00000)
 Metaspace       used 56790K, capacity 59014K, committed 59160K, reserved 1101824K
  class space    used 7237K, capacity 7682K, committed 7728K, reserved 1048576K
}
Event: 362.131 GC heap before
{Heap before GC invocations=18 (full 3):
 PSYoungGen      total 316928K, used 19867K [0x00000000d5580000, 0x00000000eca00000, 0x0000000100000000)
  eden space 295424K, 0% used [0x00000000d5580000,0x00000000d5580000,0x00000000e7600000)
  from space 21504K, 92% used [0x00000000e7600000,0x00000000e8966f40,0x00000000e8b00000)
  to   space 24064K, 0% used [0x00000000eb280000,0x00000000eb280000,0x00000000eca00000)
 ParOldGen       total 97280K, used 21953K [0x0000000080000000, 0x0000000085f00000, 0x00000000d5580000)
  object space 97280K, 22% used [0x0000000080000000,0x0000000081570550,0x0000000085f00000)
 Metaspace       used 56790K, capacity 59014K, committed 59160K, reserved 1101824K
  class space    used 7237K, capacity 7682K, committed 7728K, reserved 1048576K
Event: 362.255 GC heap after
Heap after GC invocations=18 (full 3):
 PSYoungGen      total 316928K, used 0K [0x00000000d5580000, 0x00000000eca00000, 0x0000000100000000)
  eden space 295424K, 0% used [0x00000000d5580000,0x00000000d5580000,0x00000000e7600000)
  from space 21504K, 0% used [0x00000000e7600000,0x00000000e7600000,0x00000000e8b00000)
  to   space 24064K, 0% used [0x00000000eb280000,0x00000000eb280000,0x00000000eca00000)
 ParOldGen       total 130560K, used 31188K [0x0000000080000000, 0x0000000087f80000, 0x00000000d5580000)
  object space 130560K, 23% used [0x0000000080000000,0x0000000081e753b8,0x0000000087f80000)
 Metaspace       used 56680K, capacity 58806K, committed 59160K, reserved 1101824K
  class space    used 7205K, capacity 7641K, committed 7728K, reserved 1048576K
}
Event: 521.428 GC heap before
{Heap before GC invocations=19 (full 3):
 PSYoungGen      total 316928K, used 295424K [0x00000000d5580000, 0x00000000eca00000, 0x0000000100000000)
  eden space 295424K, 100% used [0x00000000d5580000,0x00000000e7600000,0x00000000e7600000)
  from space 21504K, 0% used [0x00000000e7600000,0x00000000e7600000,0x00000000e8b00000)
  to   space 24064K, 0% used [0x00000000eb280000,0x00000000eb280000,0x00000000eca00000)
 ParOldGen       total 130560K, used 31188K [0x0000000080000000, 0x0000000087f80000, 0x00000000d5580000)
  object space 130560K, 23% used [0x0000000080000000,0x0000000081e753b8,0x0000000087f80000)
 Metaspace       used 69739K, capacity 72590K, committed 72728K, reserved 1112064K
  class space    used 9131K, capacity 9678K, committed 9776K, reserved 1048576K
Event: 521.461 GC heap after
Heap after GC invocations=19 (full 3):
 PSYoungGen      total 354304K, used 22569K [0x00000000d5580000, 0x00000000edc80000, 0x0000000100000000)
  eden space 330240K, 0% used [0x00000000d5580000,0x00000000d5580000,0x00000000e9800000)
  from space 24064K, 93% used [0x00000000eb280000,0x00000000ec88a788,0x00000000eca00000)
  to   space 27136K, 0% used [0x00000000e9800000,0x00000000e9800000,0x00000000eb280000)
 ParOldGen       total 130560K, used 31196K [0x0000000080000000, 0x0000000087f80000, 0x00000000d5580000)
  object space 130560K, 23% used [0x0000000080000000,0x0000000081e773b8,0x0000000087f80000)
 Metaspace       used 69739K, capacity 72590K, committed 72728K, reserved 1112064K
  class space    used 9131K, capacity 9678K, committed 9776K, reserved 1048576K
}
Event: 800.493 GC heap before
{Heap before GC invocations=20 (full 3):
 PSYoungGen      total 354304K, used 352809K [0x00000000d5580000, 0x00000000edc80000, 0x0000000100000000)
  eden space 330240K, 100% used [0x00000000d5580000,0x00000000e9800000,0x00000000e9800000)
  from space 24064K, 93% used [0x00000000eb280000,0x00000000ec88a788,0x00000000eca00000)
  to   space 27136K, 0% used [0x00000000e9800000,0x00000000e9800000,0x00000000eb280000)
 ParOldGen       total 130560K, used 31196K [0x0000000080000000, 0x0000000087f80000, 0x00000000d5580000)
  object space 130560K, 23% used [0x0000000080000000,0x0000000081e773b8,0x0000000087f80000)
 Metaspace       used 78369K, capacity 81636K, committed 81688K, reserved 1120256K
  class space    used 10384K, capacity 11040K, committed 11056K, reserved 1048576K
Event: 800.521 GC heap after
Heap after GC invocations=20 (full 3):
 PSYoungGen      total 357376K, used 27119K [0x00000000d5580000, 0x00000000ef400000, 0x0000000100000000)
  eden space 330240K, 0% used [0x00000000d5580000,0x00000000d5580000,0x00000000e9800000)
  from space 27136K, 99% used [0x00000000e9800000,0x00000000eb27bf00,0x00000000eb280000)
  to   space 31744K, 0% used [0x00000000ed500000,0x00000000ed500000,0x00000000ef400000)
 ParOldGen       total 130560K, used 31389K [0x0000000080000000, 0x0000000087f80000, 0x00000000d5580000)
  object space 130560K, 24% used [0x0000000080000000,0x0000000081ea76b0,0x0000000087f80000)
 Metaspace       used 78369K, capacity 81636K, committed 81688K, reserved 1120256K
  class space    used 10384K, capacity 11040K, committed 11056K, reserved 1048576K
}
Event: 832.680 GC heap before
{Heap before GC invocations=21 (full 3):
 PSYoungGen      total 357376K, used 357359K [0x00000000d5580000, 0x00000000ef400000, 0x0000000100000000)
  eden space 330240K, 100% used [0x00000000d5580000,0x00000000e9800000,0x00000000e9800000)
  from space 27136K, 99% used [0x00000000e9800000,0x00000000eb27bf00,0x00000000eb280000)
  to   space 31744K, 0% used [0x00000000ed500000,0x00000000ed500000,0x00000000ef400000)
 ParOldGen       total 130560K, used 31389K [0x0000000080000000, 0x0000000087f80000, 0x00000000d5580000)
  object space 130560K, 24% used [0x0000000080000000,0x0000000081ea76b0,0x0000000087f80000)
 Metaspace       used 82270K, capacity 86388K, committed 86680K, reserved 1124352K
  class space    used 10850K, capacity 11615K, committed 11696K, reserved 1048576K
Event: 832.720 GC heap after
Heap after GC invocations=21 (full 3):
 PSYoungGen      total 387072K, used 31717K [0x00000000d5580000, 0x00000000efa80000, 0x0000000100000000)
  eden space 355328K, 0% used [0x00000000d5580000,0x00000000d5580000,0x00000000eb080000)
  from space 31744K, 99% used [0x00000000ed500000,0x00000000ef3f9560,0x00000000ef400000)
  to   space 37376K, 0% used [0x00000000eb080000,0x00000000eb080000,0x00000000ed500000)
 ParOldGen       total 130560K, used 32562K [0x0000000080000000, 0x0000000087f80000, 0x00000000d5580000)
  object space 130560K, 24% used [0x0000000080000000,0x0000000081fcca38,0x0000000087f80000)
 Metaspace       used 82270K, capacity 86388K, committed 86680K, reserved 1124352K
  class space    used 10850K, capacity 11615K, committed 11696K, reserved 1048576K
}

