# JRE version: OpenJDK Runtime Environment (11.0.11) (build 11.0.11+0-b60-7590822)
# Java VM: OpenJDK 64-Bit Server VM (11.0.11+0-b60-7590822, mixed mode, tiered, compressed oops, g1 gc, linux-amd64)
Heap:
 garbage-first heap   total 225280K, used 112729K [0x0000000080000000, 0x0000000100000000)
  region size 1024K, 13 young (13312K), 3 survivors (3072K)
 Metaspace       used 112066K, capacity 114543K, committed 114812K, reserved 1148928K
  class space    used 13879K, capacity 14795K, committed 14848K, reserved 1048576K
GC Heap History (20 events):
Event: 33.529 GC heap before
{Heap before GC invocations=37 (full 0):
 garbage-first heap   total 225280K, used 157148K [0x0000000080000000, 0x0000000100000000)
  region size 1024K, 72 young (73728K), 1 survivors (1024K)
 Metaspace       used 94483K, capacity 96694K, committed 97404K, reserved 1134592K
  class space    used 11847K, capacity 12668K, committed 12800K, reserved 1048576K
}
Event: 33.535 GC heap after
{Heap after GC invocations=38 (full 0):
 garbage-first heap   total 225280K, used 82832K [0x0000000080000000, 0x0000000100000000)
  region size 1024K, 2 young (2048K), 2 survivors (2048K)
 Metaspace       used 94483K, capacity 96694K, committed 97404K, reserved 1134592K
  class space    used 11847K, capacity 12668K, committed 12800K, reserved 1048576K
}
Event: 40.243 GC heap before
{Heap before GC invocations=38 (full 0):
 garbage-first heap   total 225280K, used 159632K [0x0000000080000000, 0x0000000100000000)
  region size 1024K, 78 young (79872K), 2 survivors (2048K)
 Metaspace       used 101903K, capacity 104175K, committed 104572K, reserved 1140736K
  class space    used 12721K, capacity 13558K, committed 13568K, reserved 1048576K
}
Event: 40.257 GC heap after
{Heap after GC invocations=39 (full 0):
 garbage-first heap   total 225280K, used 88794K [0x0000000080000000, 0x0000000100000000)
  region size 1024K, 8 young (8192K), 8 survivors (8192K)
 Metaspace       used 101903K, capacity 104175K, committed 104572K, reserved 1140736K
  class space    used 12721K, capacity 13558K, committed 13568K, reserved 1048576K
}
Event: 44.248 GC heap before
{Heap before GC invocations=39 (full 0):
 garbage-first heap   total 225280K, used 165594K [0x0000000080000000, 0x0000000100000000)
  region size 1024K, 84 young (86016K), 8 survivors (8192K)
 Metaspace       used 102756K, capacity 104909K, committed 105468K, reserved 1140736K
  class space    used 12780K, capacity 13603K, committed 13696K, reserved 1048576K
}
Event: 44.261 GC heap after
{Heap after GC invocations=40 (full 0):
 garbage-first heap   total 225280K, used 90840K [0x0000000080000000, 0x0000000100000000)
  region size 1024K, 3 young (3072K), 3 survivors (3072K)
 Metaspace       used 102756K, capacity 104909K, committed 105468K, reserved 1140736K
  class space    used 12780K, capacity 13603K, committed 13696K, reserved 1048576K
}
Event: 45.042 GC heap before
{Heap before GC invocations=40 (full 0):
 garbage-first heap   total 225280K, used 168664K [0x0000000080000000, 0x0000000100000000)
  region size 1024K, 80 young (81920K), 3 survivors (3072K)
 Metaspace       used 103475K, capacity 105807K, committed 106236K, reserved 1142784K
  class space    used 12822K, capacity 13653K, committed 13696K, reserved 1048576K
}
Event: 45.052 GC heap after
{Heap after GC invocations=41 (full 0):
 garbage-first heap   total 225280K, used 92531K [0x0000000080000000, 0x0000000100000000)
  region size 1024K, 5 young (5120K), 5 survivors (5120K)
 Metaspace       used 103475K, capacity 105807K, committed 106236K, reserved 1142784K
  class space    used 12822K, capacity 13653K, committed 13696K, reserved 1048576K
}
Event: 45.925 GC heap before
{Heap before GC invocations=41 (full 0):
 garbage-first heap   total 225280K, used 173427K [0x0000000080000000, 0x0000000100000000)
  region size 1024K, 85 young (87040K), 5 survivors (5120K)
 Metaspace       used 104903K, capacity 107307K, committed 107772K, reserved 1142784K
  class space    used 12981K, capacity 13864K, committed 13952K, reserved 1048576K
}
Event: 45.938 GC heap after
{Heap after GC invocations=42 (full 0):
 garbage-first heap   total 225280K, used 100872K [0x0000000080000000, 0x0000000100000000)
  region size 1024K, 11 young (11264K), 11 survivors (11264K)
 Metaspace       used 104903K, capacity 107307K, committed 107772K, reserved 1142784K
  class space    used 12981K, capacity 13864K, committed 13952K, reserved 1048576K
}
Event: 46.518 GC heap before
{Heap before GC invocations=42 (full 0):
 garbage-first heap   total 225280K, used 178696K [0x0000000080000000, 0x0000000100000000)
  region size 1024K, 86 young (88064K), 11 survivors (11264K)
 Metaspace       used 105638K, capacity 107989K, committed 108284K, reserved 1144832K
  class space    used 13062K, capacity 13930K, committed 13952K, reserved 1048576K
}
Event: 46.530 GC heap after
{Heap after GC invocations=43 (full 0):
 garbage-first heap   total 225280K, used 100584K [0x0000000080000000, 0x0000000100000000)
  region size 1024K, 2 young (2048K), 2 survivors (2048K)
 Metaspace       used 105638K, capacity 107989K, committed 108284K, reserved 1144832K
  class space    used 13062K, capacity 13930K, committed 13952K, reserved 1048576K
}
Event: 47.029 GC heap before
{Heap before GC invocations=43 (full 0):
 garbage-first heap   total 225280K, used 178408K [0x0000000080000000, 0x0000000100000000)
  region size 1024K, 79 young (80896K), 2 survivors (2048K)
 Metaspace       used 105904K, capacity 108217K, committed 108668K, reserved 1144832K
  class space    used 13079K, capacity 13963K, committed 14080K, reserved 1048576K
}
Event: 47.037 GC heap after
{Heap after GC invocations=44 (full 0):
 garbage-first heap   total 225280K, used 100273K [0x0000000080000000, 0x0000000100000000)
  region size 1024K, 2 young (2048K), 2 survivors (2048K)
 Metaspace       used 105904K, capacity 108217K, committed 108668K, reserved 1144832K
  class space    used 13079K, capacity 13963K, committed 14080K, reserved 1048576K
}
Event: 47.436 GC heap before
{Heap before GC invocations=44 (full 0):
 garbage-first heap   total 225280K, used 183217K [0x0000000080000000, 0x0000000100000000)
  region size 1024K, 81 young (82944K), 2 survivors (2048K)
 Metaspace       used 105909K, capacity 108281K, committed 108668K, reserved 1144832K
  class space    used 13080K, capacity 13963K, committed 14080K, reserved 1048576K
}
Event: 47.441 GC heap after
{Heap after GC invocations=45 (full 0):
 garbage-first heap   total 225280K, used 102537K [0x0000000080000000, 0x0000000100000000)
  region size 1024K, 2 young (2048K), 2 survivors (2048K)
 Metaspace       used 105909K, capacity 108281K, committed 108668K, reserved 1144832K
  class space    used 13080K, capacity 13963K, committed 14080K, reserved 1048576K
}
Event: 47.682 GC heap before
{Heap before GC invocations=45 (full 0):
 garbage-first heap   total 225280K, used 184457K [0x0000000080000000, 0x0000000100000000)
  region size 1024K, 82 young (83968K), 2 survivors (2048K)
 Metaspace       used 105909K, capacity 108281K, committed 108668K, reserved 1144832K
  class space    used 13080K, capacity 13963K, committed 14080K, reserved 1048576K
}
Event: 47.687 GC heap after
{Heap after GC invocations=46 (full 0):
 garbage-first heap   total 225280K, used 103333K [0x0000000080000000, 0x0000000100000000)
  region size 1024K, 3 young (3072K), 3 survivors (3072K)
 Metaspace       used 105909K, capacity 108281K, committed 108668K, reserved 1144832K
  class space    used 13080K, capacity 13963K, committed 14080K, reserved 1048576K
}
Event: 48.759 GC heap before
{Heap before GC invocations=46 (full 0):
 garbage-first heap   total 225280K, used 177061K [0x0000000080000000, 0x0000000100000000)
  region size 1024K, 76 young (77824K), 3 survivors (3072K)
 Metaspace       used 111987K, capacity 114473K, committed 114812K, reserved 1148928K
  class space    used 13875K, capacity 14793K, committed 14848K, reserved 1048576K
}
Event: 48.769 GC heap after
{Heap after GC invocations=47 (full 0):
 garbage-first heap   total 225280K, used 101465K [0x0000000080000000, 0x0000000100000000)
  region size 1024K, 3 young (3072K), 3 survivors (3072K)
 Metaspace       used 111987K, capacity 114473K, committed 114812K, reserved 1148928K
  class space    used 13875K, capacity 14793K, committed 14848K, reserved 1048576K
}

