# JRE version: OpenJDK Runtime Environment (11.0.11) (build 11.0.11+0-b60-7590822)
# Java VM: OpenJDK 64-Bit Server VM (11.0.11+0-b60-7590822, mixed mode, tiered, compressed oops, g1 gc, linux-amd64)
Heap:
 garbage-first heap   total 374784K, used 281974K [0x0000000080000000, 0x0000000100000000)
  region size 1024K, 177 young (181248K), 7 survivors (7168K)
 Metaspace       used 133294K, capacity 137051K, committed 137216K, reserved 1169408K
  class space    used 16615K, capacity 18058K, committed 18176K, reserved 1048576K
GC Heap History (20 events):
Event: 95.084 GC heap after
{Heap after GC invocations=50 (full 0):
 garbage-first heap   total 374784K, used 86707K [0x0000000080000000, 0x0000000100000000)
  region size 1024K, 1 young (1024K), 1 survivors (1024K)
 Metaspace       used 92734K, capacity 94887K, committed 95232K, reserved 1132544K
  class space    used 11613K, capacity 12430K, committed 12544K, reserved 1048576K
}
Event: 103.797 GC heap before
{Heap before GC invocations=50 (full 0):
 garbage-first heap   total 374784K, used 205491K [0x0000000080000000, 0x0000000100000000)
  region size 1024K, 118 young (120832K), 1 survivors (1024K)
 Metaspace       used 98992K, capacity 101120K, committed 101504K, reserved 1138688K
  class space    used 12353K, capacity 13166K, committed 13184K, reserved 1048576K
}
Event: 103.812 GC heap after
{Heap after GC invocations=51 (full 0):
 garbage-first heap   total 374784K, used 93742K [0x0000000080000000, 0x0000000100000000)
  region size 1024K, 8 young (8192K), 8 survivors (8192K)
 Metaspace       used 98992K, capacity 101120K, committed 101504K, reserved 1138688K
  class space    used 12353K, capacity 13166K, committed 13184K, reserved 1048576K
}
Event: 136.235 GC heap before
{Heap before GC invocations=51 (full 0):
 garbage-first heap   total 374784K, used 261678K [0x0000000080000000, 0x0000000100000000)
  region size 1024K, 156 young (159744K), 8 survivors (8192K)
 Metaspace       used 105878K, capacity 108320K, committed 108416K, reserved 1142784K
  class space    used 13253K, capacity 14162K, committed 14208K, reserved 1048576K
}
Event: 136.262 GC heap after
{Heap after GC invocations=52 (full 0):
 garbage-first heap   total 374784K, used 119808K [0x0000000080000000, 0x0000000100000000)
  region size 1024K, 20 young (20480K), 20 survivors (20480K)
 Metaspace       used 105878K, capacity 108320K, committed 108416K, reserved 1142784K
  class space    used 13253K, capacity 14162K, committed 14208K, reserved 1048576K
}
Event: 148.851 GC heap before
{Heap before GC invocations=52 (full 0):
 garbage-first heap   total 374784K, used 268288K [0x0000000080000000, 0x0000000100000000)
  region size 1024K, 165 young (168960K), 20 survivors (20480K)
 Metaspace       used 111492K, capacity 114336K, committed 114432K, reserved 1148928K
  class space    used 14221K, capacity 15284K, committed 15360K, reserved 1048576K
}
Event: 148.940 GC heap after
{Heap after GC invocations=53 (full 0):
 garbage-first heap   total 374784K, used 150877K [0x0000000080000000, 0x0000000100000000)
  region size 1024K, 21 young (21504K), 21 survivors (21504K)
 Metaspace       used 111492K, capacity 114336K, committed 114432K, reserved 1148928K
  class space    used 14221K, capacity 15284K, committed 15360K, reserved 1048576K
}
Event: 150.510 GC heap before
{Heap before GC invocations=53 (full 0):
 garbage-first heap   total 374784K, used 278877K [0x0000000080000000, 0x0000000100000000)
  region size 1024K, 135 young (138240K), 21 survivors (21504K)
 Metaspace       used 112213K, capacity 115104K, committed 115328K, reserved 1148928K
  class space    used 14288K, capacity 15363K, committed 15488K, reserved 1048576K
}
Event: 150.563 GC heap after
{Heap after GC invocations=54 (full 0):
 garbage-first heap   total 374784K, used 179200K [0x0000000080000000, 0x0000000100000000)
  region size 1024K, 14 young (14336K), 14 survivors (14336K)
 Metaspace       used 112213K, capacity 115104K, committed 115328K, reserved 1148928K
  class space    used 14288K, capacity 15363K, committed 15488K, reserved 1048576K
}
Event: 151.513 GC heap before
{Heap before GC invocations=54 (full 0):
 garbage-first heap   total 374784K, used 284672K [0x0000000080000000, 0x0000000100000000)
  region size 1024K, 116 young (118784K), 14 survivors (14336K)
 Metaspace       used 113015K, capacity 115905K, committed 116096K, reserved 1150976K
  class space    used 14365K, capacity 15469K, committed 15488K, reserved 1048576K
}
Event: 151.528 GC heap after
{Heap after GC invocations=55 (full 0):
 garbage-first heap   total 374784K, used 168864K [0x0000000080000000, 0x0000000100000000)
  region size 1024K, 3 young (3072K), 3 survivors (3072K)
 Metaspace       used 113015K, capacity 115905K, committed 116096K, reserved 1150976K
  class space    used 14365K, capacity 15469K, committed 15488K, reserved 1048576K
}
Event: 151.972 GC heap before
{Heap before GC invocations=55 (full 0):
 garbage-first heap   total 374784K, used 286624K [0x0000000080000000, 0x0000000100000000)
  region size 1024K, 118 young (120832K), 3 survivors (3072K)
 Metaspace       used 113020K, capacity 115905K, committed 116096K, reserved 1150976K
  class space    used 14365K, capacity 15469K, committed 15488K, reserved 1048576K
}
Event: 151.976 GC heap after
{Heap after GC invocations=56 (full 0):
 garbage-first heap   total 374784K, used 168311K [0x0000000080000000, 0x0000000100000000)
  region size 1024K, 2 young (2048K), 2 survivors (2048K)
 Metaspace       used 113020K, capacity 115905K, committed 116096K, reserved 1150976K
  class space    used 14365K, capacity 15469K, committed 15488K, reserved 1048576K
}
Event: 154.959 GC heap before
{Heap before GC invocations=56 (full 0):
 garbage-first heap   total 374784K, used 260471K [0x0000000080000000, 0x0000000100000000)
  region size 1024K, 92 young (94208K), 2 survivors (2048K)
 Metaspace       used 122200K, capacity 125348K, committed 125568K, reserved 1159168K
  class space    used 15499K, capacity 16674K, committed 16768K, reserved 1048576K
}
Event: 154.972 GC heap after
{Heap after GC invocations=57 (full 0):
 garbage-first heap   total 374784K, used 170926K [0x0000000080000000, 0x0000000100000000)
  region size 1024K, 5 young (5120K), 5 survivors (5120K)
 Metaspace       used 122200K, capacity 125348K, committed 125568K, reserved 1159168K
  class space    used 15499K, capacity 16674K, committed 16768K, reserved 1048576K
}
Event: 157.709 GC heap before
{Heap before GC invocations=58 (full 0):
 garbage-first heap   total 374784K, used 280494K [0x0000000080000000, 0x0000000100000000)
  region size 1024K, 129 young (132096K), 5 survivors (5120K)
 Metaspace       used 128228K, capacity 131734K, committed 131840K, reserved 1163264K
  class space    used 16283K, capacity 17659K, committed 17664K, reserved 1048576K
}
Event: 157.732 GC heap after
{Heap after GC invocations=59 (full 0):
 garbage-first heap   total 374784K, used 132951K [0x0000000080000000, 0x0000000100000000)
  region size 1024K, 6 young (6144K), 6 survivors (6144K)
 Metaspace       used 128228K, capacity 131734K, committed 131840K, reserved 1163264K
  class space    used 16283K, capacity 17659K, committed 17664K, reserved 1048576K
}
Event: 159.476 GC heap before
{Heap before GC invocations=59 (full 0):
 garbage-first heap   total 374784K, used 144215K [0x0000000080000000, 0x0000000100000000)
  region size 1024K, 18 young (18432K), 6 survivors (6144K)
 Metaspace       used 130526K, capacity 134070K, committed 134400K, reserved 1165312K
  class space    used 16485K, capacity 17881K, committed 17920K, reserved 1048576K
}
Event: 159.492 GC heap after
{Heap after GC invocations=60 (full 0):
 garbage-first heap   total 374784K, used 107894K [0x0000000080000000, 0x0000000100000000)
  region size 1024K, 2 young (2048K), 2 survivors (2048K)
 Metaspace       used 130526K, capacity 134070K, committed 134400K, reserved 1165312K
  class space    used 16485K, capacity 17881K, committed 17920K, reserved 1048576K
}
Event: 359.513 GC heap before
{Heap before GC invocations=60 (full 0):
 garbage-first heap   total 374784K, used 280950K [0x0000000080000000, 0x0000000100000000)
  region size 1024K, 172 young (176128K), 2 survivors (2048K)
 Metaspace       used 133294K, capacity 137051K, committed 137216K, reserved 1169408K
  class space    used 16615K, capacity 18058K, committed 18176K, reserved 1048576K
}

